c:\users\mark\desktop\uni\year 4\csc8503 advanced game technologies\advanced-game-technologies\csc8503\csc8503common\release\csc8503common.pdb
c:\users\mark\desktop\uni\year 4\csc8503 advanced game technologies\advanced-game-technologies\csc8503\csc8503common\release\pushdownmachine.obj
c:\users\mark\desktop\uni\year 4\csc8503 advanced game technologies\advanced-game-technologies\csc8503\csc8503common\release\positionconstraint.obj
c:\users\mark\desktop\uni\year 4\csc8503 advanced game technologies\advanced-game-technologies\csc8503\csc8503common\release\player.obj
c:\users\mark\desktop\uni\year 4\csc8503 advanced game technologies\advanced-game-technologies\csc8503\csc8503common\release\physicssystem.obj
c:\users\mark\desktop\uni\year 4\csc8503 advanced game technologies\advanced-game-technologies\csc8503\csc8503common\release\physicsobject.obj
c:\users\mark\desktop\uni\year 4\csc8503 advanced game technologies\advanced-game-technologies\csc8503\csc8503common\release\obstacle.obj
c:\users\mark\desktop\uni\year 4\csc8503 advanced game technologies\advanced-game-technologies\csc8503\csc8503common\release\networkobject.obj
c:\users\mark\desktop\uni\year 4\csc8503 advanced game technologies\advanced-game-technologies\csc8503\csc8503common\release\networkbase.obj
c:\users\mark\desktop\uni\year 4\csc8503 advanced game technologies\advanced-game-technologies\csc8503\csc8503common\release\navigationmesh.obj
c:\users\mark\desktop\uni\year 4\csc8503 advanced game technologies\advanced-game-technologies\csc8503\csc8503common\release\navigationgrid.obj
c:\users\mark\desktop\uni\year 4\csc8503 advanced game technologies\advanced-game-technologies\csc8503\csc8503common\release\movingobstacle.obj
c:\users\mark\desktop\uni\year 4\csc8503 advanced game technologies\advanced-game-technologies\csc8503\csc8503common\release\gamestate.obj
c:\users\mark\desktop\uni\year 4\csc8503 advanced game technologies\advanced-game-technologies\csc8503\csc8503common\release\goal.obj
c:\users\mark\desktop\uni\year 4\csc8503 advanced game technologies\advanced-game-technologies\csc8503\csc8503common\release\gjkalgorithm.obj
c:\users\mark\desktop\uni\year 4\csc8503 advanced game technologies\advanced-game-technologies\csc8503\csc8503common\release\gameworld.obj
c:\users\mark\desktop\uni\year 4\csc8503 advanced game technologies\advanced-game-technologies\csc8503\csc8503common\release\gameserver.obj
c:\users\mark\desktop\uni\year 4\csc8503 advanced game technologies\advanced-game-technologies\csc8503\csc8503common\release\gameobject.obj
c:\users\mark\desktop\uni\year 4\csc8503 advanced game technologies\advanced-game-technologies\csc8503\csc8503common\release\gameclient.obj
c:\users\mark\desktop\uni\year 4\csc8503 advanced game technologies\advanced-game-technologies\csc8503\csc8503common\release\debug.obj
c:\users\mark\desktop\uni\year 4\csc8503 advanced game technologies\advanced-game-technologies\csc8503\csc8503common\release\collisiondetection.obj
c:\users\mark\desktop\uni\year 4\csc8503 advanced game technologies\advanced-game-technologies\csc8503\csc8503common\release\transform.obj
c:\users\mark\desktop\uni\year 4\csc8503 advanced game technologies\advanced-game-technologies\csc8503\csc8503common\release\statetransition.obj
c:\users\mark\desktop\uni\year 4\csc8503 advanced game technologies\advanced-game-technologies\csc8503\csc8503common\release\statemachine.obj
c:\users\mark\desktop\uni\year 4\csc8503 advanced game technologies\advanced-game-technologies\csc8503\csc8503common\release\state.obj
c:\users\mark\desktop\uni\year 4\csc8503 advanced game technologies\advanced-game-technologies\csc8503\csc8503common\release\simplex.obj
c:\users\mark\desktop\uni\year 4\csc8503 advanced game technologies\advanced-game-technologies\csc8503\csc8503common\release\sand.obj
c:\users\mark\desktop\uni\year 4\csc8503 advanced game technologies\advanced-game-technologies\csc8503\csc8503common\release\robot.obj
c:\users\mark\desktop\uni\year 4\csc8503 advanced game technologies\advanced-game-technologies\csc8503\csc8503common\release\renderobject.obj
c:\users\mark\desktop\uni\year 4\csc8503 advanced game technologies\advanced-game-technologies\csc8503\csc8503common\release\quadtree.obj
c:\users\mark\desktop\uni\year 4\csc8503 advanced game technologies\advanced-game-technologies\csc8503\csc8503common\release\pushdownstate.obj
c:\users\mark\desktop\uni\year 4\csc8503 advanced game technologies\advanced-game-technologies\win32\release\csc8503common.lib
c:\users\mark\desktop\uni\year 4\csc8503 advanced game technologies\advanced-game-technologies\csc8503\csc8503common\release\csc8503common.tlog\cl.command.1.tlog
c:\users\mark\desktop\uni\year 4\csc8503 advanced game technologies\advanced-game-technologies\csc8503\csc8503common\release\csc8503common.tlog\cl.read.1.tlog
c:\users\mark\desktop\uni\year 4\csc8503 advanced game technologies\advanced-game-technologies\csc8503\csc8503common\release\csc8503common.tlog\cl.write.1.tlog
c:\users\mark\desktop\uni\year 4\csc8503 advanced game technologies\advanced-game-technologies\csc8503\csc8503common\release\csc8503common.tlog\lib-link.read.1.tlog
c:\users\mark\desktop\uni\year 4\csc8503 advanced game technologies\advanced-game-technologies\csc8503\csc8503common\release\csc8503common.tlog\lib-link.write.1.tlog
c:\users\mark\desktop\uni\year 4\csc8503 advanced game technologies\advanced-game-technologies\csc8503\csc8503common\release\csc8503common.tlog\lib.command.1.tlog
