c:\users\mark\desktop\uni\year 4\csc8503 advanced game technologies\advanced-game-technologies\common\release\common.pdb
c:\users\mark\desktop\uni\year 4\csc8503 advanced game technologies\advanced-game-technologies\common\release\win32mouse.obj
c:\users\mark\desktop\uni\year 4\csc8503 advanced game technologies\advanced-game-technologies\common\release\win32keyboard.obj
c:\users\mark\desktop\uni\year 4\csc8503 advanced game technologies\advanced-game-technologies\common\release\texturewriter.obj
c:\users\mark\desktop\uni\year 4\csc8503 advanced game technologies\advanced-game-technologies\common\release\textureloader.obj
c:\users\mark\desktop\uni\year 4\csc8503 advanced game technologies\advanced-game-technologies\common\release\texturebase.obj
c:\users\mark\desktop\uni\year 4\csc8503 advanced game technologies\advanced-game-technologies\common\release\simplefont.obj
c:\users\mark\desktop\uni\year 4\csc8503 advanced game technologies\advanced-game-technologies\common\release\shaderbase.obj
c:\users\mark\desktop\uni\year 4\csc8503 advanced game technologies\advanced-game-technologies\common\release\rendererbase.obj
c:\users\mark\desktop\uni\year 4\csc8503 advanced game technologies\advanced-game-technologies\common\release\quaternion.obj
c:\users\mark\desktop\uni\year 4\csc8503 advanced game technologies\advanced-game-technologies\common\release\plane.obj
c:\users\mark\desktop\uni\year 4\csc8503 advanced game technologies\advanced-game-technologies\common\release\mouse.obj
c:\users\mark\desktop\uni\year 4\csc8503 advanced game technologies\advanced-game-technologies\common\release\meshgeometry.obj
c:\users\mark\desktop\uni\year 4\csc8503 advanced game technologies\advanced-game-technologies\common\release\matrix4.obj
c:\users\mark\desktop\uni\year 4\csc8503 advanced game technologies\advanced-game-technologies\common\release\matrix3.obj
c:\users\mark\desktop\uni\year 4\csc8503 advanced game technologies\advanced-game-technologies\common\release\matrix2.obj
c:\users\mark\desktop\uni\year 4\csc8503 advanced game technologies\advanced-game-technologies\common\release\maths.obj
c:\users\mark\desktop\uni\year 4\csc8503 advanced game technologies\advanced-game-technologies\common\release\keyboard.obj
c:\users\mark\desktop\uni\year 4\csc8503 advanced game technologies\advanced-game-technologies\common\release\gametimer.obj
c:\users\mark\desktop\uni\year 4\csc8503 advanced game technologies\advanced-game-technologies\common\release\camera.obj
c:\users\mark\desktop\uni\year 4\csc8503 advanced game technologies\advanced-game-technologies\common\release\assets.obj
c:\users\mark\desktop\uni\year 4\csc8503 advanced game technologies\advanced-game-technologies\common\release\window.obj
c:\users\mark\desktop\uni\year 4\csc8503 advanced game technologies\advanced-game-technologies\common\release\win32window.obj
c:\users\mark\desktop\uni\year 4\csc8503 advanced game technologies\advanced-game-technologies\win32\release\common.lib
c:\users\mark\desktop\uni\year 4\csc8503 advanced game technologies\advanced-game-technologies\common\release\common.tlog\cl.command.1.tlog
c:\users\mark\desktop\uni\year 4\csc8503 advanced game technologies\advanced-game-technologies\common\release\common.tlog\cl.read.1.tlog
c:\users\mark\desktop\uni\year 4\csc8503 advanced game technologies\advanced-game-technologies\common\release\common.tlog\cl.write.1.tlog
c:\users\mark\desktop\uni\year 4\csc8503 advanced game technologies\advanced-game-technologies\common\release\common.tlog\lib-link.read.1.tlog
c:\users\mark\desktop\uni\year 4\csc8503 advanced game technologies\advanced-game-technologies\common\release\common.tlog\lib-link.write.1.tlog
c:\users\mark\desktop\uni\year 4\csc8503 advanced game technologies\advanced-game-technologies\common\release\common.tlog\lib.command.1.tlog
